<?xml version="1.0" encoding="UTF-8"?>
<testng-results ignored="0" total="1" passed="1" failed="0" skipped="0">
  <reporter-output>
  </reporter-output>
  <suite started-at="2020-10-24T06:20:48 IST" name="Default suite" finished-at="2020-10-24T06:21:38 IST" duration-ms="49494">
    <groups>
      <group name="cucumber">
        <method signature="RunTest.feature(cucumber.api.testng.CucumberFeatureWrapper)[pri:0, instance:Runner.RunTest@759d26fb]" name="feature" class="Runner.RunTest"/>
      </group> <!-- cucumber -->
    </groups>
    <test started-at="2020-10-24T06:20:48 IST" name="Default test" finished-at="2020-10-24T06:21:38 IST" duration-ms="49494">
      <class name="Runner.RunTest">
        <test-method is-config="true" signature="setUpClass()[pri:0, instance:Runner.RunTest@759d26fb]" started-at="2020-10-24T06:20:48 IST" name="setUpClass" finished-at="2020-10-24T06:20:48 IST" duration-ms="280" status="PASS">
          <reporter-output>
          </reporter-output>
        </test-method> <!-- setUpClass -->
        <test-method signature="feature(cucumber.api.testng.CucumberFeatureWrapper)[pri:0, instance:Runner.RunTest@759d26fb]" started-at="2020-10-24T06:20:48 IST" name="feature" description="Runs Cucumber Feature" data-provider="features" finished-at="2020-10-24T06:21:37 IST" duration-ms="49019" status="PASS">
          <params>
            <param index="0">
              <value>
                <![CDATA[Search Functionality for the multiple location and Verify Description Area is present on Selected Property]]>
              </value>
            </param>
          </params>
          <reporter-output>
          </reporter-output>
        </test-method> <!-- feature -->
        <test-method is-config="true" signature="tearDownClass()[pri:0, instance:Runner.RunTest@759d26fb]" started-at="2020-10-24T06:21:37 IST" name="tearDownClass" finished-at="2020-10-24T06:21:38 IST" duration-ms="32" status="PASS">
          <reporter-output>
          </reporter-output>
        </test-method> <!-- tearDownClass -->
      </class> <!-- Runner.RunTest -->
    </test> <!-- Default test -->
  </suite> <!-- Default suite -->
</testng-results>
